Determining if the pthread_create exist failed with the following output:
Change Dir: /home/peggyjean/toms_ws/build/CMakeFiles/CMakeTmp

Run Build Command:/usr/bin/make "cmTryCompileExec2624423765/fast"
/usr/bin/make -f CMakeFiles/cmTryCompileExec2624423765.dir/build.make CMakeFiles/cmTryCompileExec2624423765.dir/build
make[1]: Entering directory `/home/peggyjean/toms_ws/build/CMakeFiles/CMakeTmp'
/usr/bin/cmake -E cmake_progress_report /home/peggyjean/toms_ws/build/CMakeFiles/CMakeTmp/CMakeFiles 1
Building C object CMakeFiles/cmTryCompileExec2624423765.dir/CheckSymbolExists.c.o
/usr/bin/cc    -o CMakeFiles/cmTryCompileExec2624423765.dir/CheckSymbolExists.c.o   -c /home/peggyjean/toms_ws/build/CMakeFiles/CMakeTmp/CheckSymbolExists.c
Linking C executable cmTryCompileExec2624423765
/usr/bin/cmake -E cmake_link_script CMakeFiles/cmTryCompileExec2624423765.dir/link.txt --verbose=1
/usr/bin/cc       CMakeFiles/cmTryCompileExec2624423765.dir/CheckSymbolExists.c.o  -o cmTryCompileExec2624423765 -rdynamic 
CMakeFiles/cmTryCompileExec2624423765.dir/CheckSymbolExists.c.o: In function `main':
CheckSymbolExists.c:(.text+0x16): undefined reference to `pthread_create'
collect2: error: ld returned 1 exit status
make[1]: Leaving directory `/home/peggyjean/toms_ws/build/CMakeFiles/CMakeTmp'
make[1]: *** [cmTryCompileExec2624423765] Error 1
make: *** [cmTryCompileExec2624423765/fast] Error 2

File /home/peggyjean/toms_ws/build/CMakeFiles/CMakeTmp/CheckSymbolExists.c:
/* */
#include <pthread.h>

int main(int argc, char** argv)
{
  (void)argv;
#ifndef pthread_create
  return ((int*)(&pthread_create))[argc];
#else
  (void)argc;
  return 0;
#endif
}

Determining if the function pthread_create exists in the pthreads failed with the following output:
Change Dir: /home/peggyjean/toms_ws/build/CMakeFiles/CMakeTmp

Run Build Command:/usr/bin/make "cmTryCompileExec713513358/fast"
/usr/bin/make -f CMakeFiles/cmTryCompileExec713513358.dir/build.make CMakeFiles/cmTryCompileExec713513358.dir/build
make[1]: Entering directory `/home/peggyjean/toms_ws/build/CMakeFiles/CMakeTmp'
/usr/bin/cmake -E cmake_progress_report /home/peggyjean/toms_ws/build/CMakeFiles/CMakeTmp/CMakeFiles 1
Building C object CMakeFiles/cmTryCompileExec713513358.dir/CheckFunctionExists.c.o
/usr/bin/cc   -DCHECK_FUNCTION_EXISTS=pthread_create   -o CMakeFiles/cmTryCompileExec713513358.dir/CheckFunctionExists.c.o   -c /usr/share/cmake-2.8/Modules/CheckFunctionExists.c
Linking C executable cmTryCompileExec713513358
/usr/bin/cmake -E cmake_link_script CMakeFiles/cmTryCompileExec713513358.dir/link.txt --verbose=1
/usr/bin/cc   -DCHECK_FUNCTION_EXISTS=pthread_create    CMakeFiles/cmTryCompileExec713513358.dir/CheckFunctionExists.c.o  -o cmTryCompileExec713513358 -rdynamic -lpthreads 
/usr/bin/ld: cannot find -lpthreads
collect2: error: ld returned 1 exit status
make[1]: Leaving directory `/home/peggyjean/toms_ws/build/CMakeFiles/CMakeTmp'
make[1]: *** [cmTryCompileExec713513358] Error 1
make: *** [cmTryCompileExec713513358/fast] Error 2


